{
    "meta": {
        "format": 3,
        "version": "7.6.9",
        "timestamp": "2026-07-18T14:12:18.887178",
        "branch_coverage": true,
        "show_contexts": false
    },
    "files": {
        "main.py": {
            "executed_lines": [],
            "summary": {
                "covered_lines": 0,
                "num_statements": 329,
                "percent_covered": 0.0,
                "percent_covered_display": "0.00",
                "missing_lines": 329,
                "excluded_lines": 328,
                "num_branches": 100,
                "num_partial_branches": 0,
                "covered_branches": 0,
                "missing_branches": 100
            },
            "missing_lines": [
                6,
                7,
                8,
                9,
                12,
                13,
                14,
                16,
                17,
                18,
                19,
                20,
                21,
                22,
                23,
                24,
                25,
                26,
                27,
                28,
                29,
                30,
                31,
                32,
                33,
                34,
                37,
                38,
                43,
                50,
                57,
                58,
                61,
                62,
                65,
                68,
                71,
                72,
                75,
                76,
                79,
                81,
                82,
                85,
                87,
                88,
                92,
                95,
                98,
                100,
                101,
                103,
                104,
                106,
                108,
                109,
                111,
                112,
                114,
                115,
                116,
                117,
                118,
                120,
                121,
                124,
                125,
                129,
                130,
                131,
                132,
                133,
                135,
                136,
                139,
                142,
                143,
                144,
                147,
                157,
                159,
                160,
                161,
                162,
                163,
                164,
                165,
                166,
                169,
                170,
                171,
                173,
                174,
                176,
                177,
                178,
                179,
                181,
                182,
                191,
                193,
                194,
                195,
                196,
                197,
                198,
                199,
                201,
                203,
                204,
                205,
                207,
                221,
                222,
                224,
                234,
                235,
                237,
                244,
                245,
                247,
                248,
                259,
                260,
                262,
                263,
                276,
                279,
                285,
                286,
                287,
                288,
                289,
                292,
                293,
                294,
                604,
                620,
                628,
                629,
                631,
                636,
                637,
                638,
                651,
                657,
                658,
                659,
                660,
                661,
                663,
                664,
                674,
                675,
                676,
                677,
                680,
                681,
                689,
                708,
                709,
                712,
                713,
                714,
                715,
                716,
                725,
                726,
                727,
                732,
                738,
                739,
                740,
                741,
                745,
                746,
                754,
                769,
                770,
                772,
                773,
                774,
                776,
                778,
                781,
                782,
                785,
                786,
                789,
                794,
                797,
                798,
                799,
                802,
                816,
                818,
                819,
                820,
                821,
                823,
                825,
                826,
                827,
                828,
                830,
                841,
                844,
                845,
                847,
                850,
                862,
                863,
                864,
                866,
                868,
                870,
                871,
                874,
                875,
                878,
                881,
                886,
                889,
                890,
                891,
                894,
                911,
                912,
                913,
                914,
                915,
                917,
                919,
                920,
                921,
                922,
                924,
                934,
                935,
                936,
                938,
                941,
                942,
                946,
                947,
                949,
                951,
                953,
                955,
                957,
                958,
                959,
                960,
                963,
                964,
                965,
                968,
                970,
                981,
                982,
                984,
                985,
                987,
                990,
                991,
                997,
                998,
                1000,
                1002,
                1003,
                1005,
                1006,
                1009,
                1010,
                1012,
                1013,
                1016,
                1017,
                1018,
                1027,
                1028,
                1029,
                1031,
                1032,
                1033,
                1034,
                1036,
                1038,
                1047,
                1048,
                1052,
                1053,
                1055,
                1057,
                1058,
                1061,
                1062,
                1064,
                1066,
                1067,
                1069,
                1078,
                1079,
                1083,
                1084,
                1086,
                1088,
                1089,
                1091,
                1092,
                1095,
                1096,
                1097,
                1098,
                1100,
                1101,
                1102,
                1103,
                1105,
                1107,
                1116,
                1117,
                1119,
                1120,
                1122,
                1125,
                1126,
                1129,
                1131
            ],
            "excluded_lines": [
                297,
                298,
                299,
                300,
                301,
                302,
                303,
                304,
                305,
                306,
                307,
                308,
                309,
                310,
                311,
                312,
                313,
                314,
                315,
                316,
                317,
                318,
                319,
                320,
                321,
                322,
                323,
                324,
                325,
                326,
                327,
                328,
                329,
                330,
                331,
                332,
                333,
                334,
                335,
                336,
                337,
                338,
                339,
                340,
                341,
                342,
                343,
                344,
                345,
                346,
                347,
                348,
                349,
                350,
                351,
                352,
                353,
                354,
                355,
                356,
                357,
                358,
                359,
                360,
                361,
                362,
                363,
                364,
                365,
                366,
                367,
                368,
                369,
                370,
                371,
                372,
                373,
                374,
                375,
                376,
                377,
                378,
                379,
                380,
                381,
                382,
                383,
                384,
                385,
                386,
                387,
                388,
                389,
                390,
                391,
                392,
                393,
                394,
                395,
                396,
                397,
                398,
                399,
                400,
                401,
                402,
                403,
                404,
                405,
                406,
                407,
                408,
                409,
                410,
                411,
                412,
                413,
                414,
                415,
                416,
                417,
                418,
                419,
                420,
                421,
                422,
                423,
                424,
                425,
                426,
                427,
                428,
                429,
                430,
                431,
                432,
                433,
                434,
                435,
                436,
                437,
                438,
                439,
                440,
                441,
                442,
                443,
                444,
                445,
                446,
                447,
                448,
                449,
                450,
                451,
                452,
                453,
                454,
                455,
                456,
                457,
                458,
                459,
                460,
                461,
                462,
                463,
                464,
                465,
                466,
                467,
                468,
                469,
                470,
                471,
                472,
                473,
                474,
                475,
                476,
                477,
                478,
                479,
                480,
                481,
                482,
                483,
                484,
                485,
                486,
                487,
                488,
                489,
                490,
                491,
                492,
                493,
                494,
                495,
                496,
                497,
                498,
                499,
                500,
                501,
                502,
                503,
                504,
                505,
                506,
                507,
                508,
                509,
                510,
                511,
                512,
                513,
                514,
                515,
                516,
                517,
                518,
                521,
                522,
                523,
                524,
                525,
                526,
                527,
                528,
                529,
                530,
                531,
                532,
                533,
                534,
                535,
                536,
                537,
                538,
                539,
                540,
                541,
                542,
                543,
                544,
                545,
                546,
                547,
                548,
                549,
                550,
                551,
                552,
                553,
                554,
                555,
                556,
                557,
                558,
                559,
                560,
                561,
                562,
                563,
                564,
                565,
                566,
                567,
                568,
                569,
                570,
                571,
                572,
                573,
                574,
                575,
                576,
                577,
                578,
                579,
                580,
                581,
                582,
                583,
                584,
                585,
                586,
                587,
                588,
                589,
                590,
                591,
                592,
                593,
                594,
                595,
                596,
                597,
                598,
                599,
                600,
                601,
                622,
                643,
                678,
                718,
                742,
                1134,
                1135,
                1137,
                1138,
                1139,
                1140,
                1141,
                1143,
                1144,
                1145,
                1147,
                1148,
                1149,
                1150,
                1151,
                1153,
                1154,
                1155,
                1157,
                1158
            ],
            "executed_branches": [],
            "missing_branches": [
                [
                    12,
                    13
                ],
                [
                    12,
                    16
                ],
                [
                    106,
                    108
                ],
                [
                    106,
                    114
                ],
                [
                    108,
                    109
                ],
                [
                    108,
                    111
                ],
                [
                    111,
                    106
                ],
                [
                    111,
                    112
                ],
                [
                    114,
                    115
                ],
                [
                    114,
                    120
                ],
                [
                    116,
                    117
                ],
                [
                    116,
                    118
                ],
                [
                    120,
                    100
                ],
                [
                    120,
                    121
                ],
                [
                    129,
                    130
                ],
                [
                    129,
                    132
                ],
                [
                    135,
                    -124
                ],
                [
                    135,
                    136
                ],
                [
                    173,
                    174
                ],
                [
                    173,
                    176
                ],
                [
                    194,
                    195
                ],
                [
                    194,
                    196
                ],
                [
                    196,
                    197
                ],
                [
                    196,
                    198
                ],
                [
                    198,
                    -191
                ],
                [
                    198,
                    199
                ],
                [
                    204,
                    205
                ],
                [
                    204,
                    207
                ],
                [
                    286,
                    287
                ],
                [
                    286,
                    288
                ],
                [
                    288,
                    289
                ],
                [
                    288,
                    292
                ],
                [
                    674,
                    675
                ],
                [
                    674,
                    680
                ],
                [
                    713,
                    714
                ],
                [
                    713,
                    715
                ],
                [
                    725,
                    726
                ],
                [
                    725,
                    738
                ],
                [
                    726,
                    727
                ],
                [
                    726,
                    732
                ],
                [
                    738,
                    739
                ],
                [
                    738,
                    745
                ],
                [
                    769,
                    770
                ],
                [
                    769,
                    772
                ],
                [
                    827,
                    828
                ],
                [
                    827,
                    830
                ],
                [
                    844,
                    845
                ],
                [
                    844,
                    847
                ],
                [
                    921,
                    922
                ],
                [
                    921,
                    924
                ],
                [
                    935,
                    936
                ],
                [
                    935,
                    938
                ],
                [
                    946,
                    947
                ],
                [
                    946,
                    949
                ],
                [
                    957,
                    958
                ],
                [
                    957,
                    963
                ],
                [
                    958,
                    959
                ],
                [
                    958,
                    960
                ],
                [
                    963,
                    964
                ],
                [
                    963,
                    968
                ],
                [
                    984,
                    985
                ],
                [
                    984,
                    987
                ],
                [
                    997,
                    998
                ],
                [
                    997,
                    1000
                ],
                [
                    1002,
                    1003
                ],
                [
                    1002,
                    1005
                ],
                [
                    1005,
                    1006
                ],
                [
                    1005,
                    1009
                ],
                [
                    1012,
                    1013
                ],
                [
                    1012,
                    1016
                ],
                [
                    1016,
                    1017
                ],
                [
                    1016,
                    1027
                ],
                [
                    1029,
                    1031
                ],
                [
                    1029,
                    1036
                ],
                [
                    1032,
                    1033
                ],
                [
                    1032,
                    1034
                ],
                [
                    1052,
                    1053
                ],
                [
                    1052,
                    1055
                ],
                [
                    1057,
                    1058
                ],
                [
                    1057,
                    1061
                ],
                [
                    1061,
                    1062
                ],
                [
                    1061,
                    1064
                ],
                [
                    1066,
                    1067
                ],
                [
                    1066,
                    1069
                ],
                [
                    1083,
                    1084
                ],
                [
                    1083,
                    1086
                ],
                [
                    1088,
                    1089
                ],
                [
                    1088,
                    1091
                ],
                [
                    1091,
                    1092
                ],
                [
                    1091,
                    1095
                ],
                [
                    1097,
                    1098
                ],
                [
                    1097,
                    1105
                ],
                [
                    1098,
                    1097
                ],
                [
                    1098,
                    1100
                ],
                [
                    1101,
                    1102
                ],
                [
                    1101,
                    1103
                ],
                [
                    1119,
                    1120
                ],
                [
                    1119,
                    1122
                ],
                [
                    1125,
                    1126
                ],
                [
                    1125,
                    1129
                ]
            ],
            "functions": {
                "is_video_file": {
                    "executed_lines": [],
                    "summary": {
                        "covered_lines": 0,
                        "num_statements": 2,
                        "percent_covered": 0.0,
                        "percent_covered_display": "0.00",
                        "missing_lines": 2,
                        "excluded_lines": 0,
                        "num_branches": 0,
                        "num_partial_branches": 0,
                        "covered_branches": 0,
                        "missing_branches": 0
                    },
                    "missing_lines": [
                        81,
                        82
                    ],
                    "excluded_lines": [],
                    "executed_branches": [],
                    "missing_branches": []
                },
                "is_image_file": {
                    "executed_lines": [],
                    "summary": {
                        "covered_lines": 0,
                        "num_statements": 2,
                        "percent_covered": 0.0,
                        "percent_covered_display": "0.00",
                        "missing_lines": 2,
                        "excluded_lines": 0,
                        "num_branches": 0,
                        "num_partial_branches": 0,
                        "covered_branches": 0,
                        "missing_branches": 0
                    },
                    "missing_lines": [
                        87,
                        88
                    ],
                    "excluded_lines": [],
                    "executed_branches": [],
                    "missing_branches": []
                },
                "cleanup_old_jobs": {
                    "executed_lines": [],
                    "summary": {
                        "covered_lines": 0,
                        "num_statements": 16,
                        "percent_covered": 0.0,
                        "percent_covered_display": "0.00",
                        "missing_lines": 16,
                        "excluded_lines": 0,
                        "num_branches": 12,
                        "num_partial_branches": 0,
                        "covered_branches": 0,
                        "missing_branches": 12
                    },
                    "missing_lines": [
                        100,
                        101,
                        103,
                        104,
                        106,
                        108,
                        109,
                        111,
                        112,
                        114,
                        115,
                        116,
                        117,
                        118,
                        120,
                        121
                    ],
                    "excluded_lines": [],
                    "executed_branches": [],
                    "missing_branches": [
                        [
                            106,
                            108
                        ],
                        [
                            106,
                            114
                        ],
                        [
                            108,
                            109
                        ],
                        [
                            108,
                            111
                        ],
                        [
                            111,
                            106
                        ],
                        [
                            111,
                            112
                        ],
                        [
                            114,
                            115
                        ],
                        [
                            114,
                            120
                        ],
                        [
                            116,
                            117
                        ],
                        [
                            116,
                            118
                        ],
                        [
                            120,
                            100
                        ],
                        [
                            120,
                            121
                        ]
                    ]
                },
                "lifespan": {
                    "executed_lines": [],
                    "summary": {
                        "covered_lines": 0,
                        "num_statements": 7,
                        "percent_covered": 0.0,
                        "percent_covered_display": "0.00",
                        "missing_lines": 7,
                        "excluded_lines": 0,
                        "num_branches": 4,
                        "num_partial_branches": 0,
                        "covered_branches": 0,
                        "missing_branches": 4
                    },
                    "missing_lines": [
                        129,
                        130,
                        131,
                        132,
                        133,
                        135,
                        136
                    ],
                    "excluded_lines": [],
                    "executed_branches": [],
                    "missing_branches": [
                        [
                            129,
                            130
                        ],
                        [
                            129,
                            132
                        ],
                        [
                            135,
                            -124
                        ],
                        [
                            135,
                            136
                        ]
                    ]
                },
                "OptimizationJob.__init__": {
                    "executed_lines": [],
                    "summary": {
                        "covered_lines": 0,
                        "num_statements": 18,
                        "percent_covered": 0.0,
                        "percent_covered_display": "0.00",
                        "missing_lines": 18,
                        "excluded_lines": 0,
                        "num_branches": 2,
                        "num_partial_branches": 0,
                        "covered_branches": 0,
                        "missing_branches": 2
                    },
                    "missing_lines": [
                        160,
                        161,
                        162,
                        163,
                        164,
                        165,
                        166,
                        169,
                        170,
                        171,
                        173,
                        174,
                        176,
                        177,
                        178,
                        179,
                        181,
                        182
                    ],
                    "excluded_lines": [],
                    "executed_branches": [],
                    "missing_branches": [
                        [
                            173,
                            174
                        ],
                        [
                            173,
                            176
                        ]
                    ]
                },
                "OptimizationJob.add_progress": {
                    "executed_lines": [],
                    "summary": {
                        "covered_lines": 0,
                        "num_statements": 7,
                        "percent_covered": 0.0,
                        "percent_covered_display": "0.00",
                        "missing_lines": 7,
                        "excluded_lines": 0,
                        "num_branches": 6,
                        "num_partial_branches": 0,
                        "covered_branches": 0,
                        "missing_branches": 6
                    },
                    "missing_lines": [
                        193,
                        194,
                        195,
                        196,
                        197,
                        198,
                        199
                    ],
                    "excluded_lines": [],
                    "executed_branches": [],
                    "missing_branches": [
                        [
                            194,
                            195
                        ],
                        [
                            194,
                            196
                        ],
                        [
                            196,
                            197
                        ],
                        [
                            196,
                            198
                        ],
                        [
                            198,
                            -191
                        ],
                        [
                            198,
                            199
                        ]
                    ]
                },
                "OptimizationJob.to_dict": {
                    "executed_lines": [],
                    "summary": {
                        "covered_lines": 0,
                        "num_statements": 4,
                        "percent_covered": 0.0,
                        "percent_covered_display": "0.00",
                        "missing_lines": 4,
                        "excluded_lines": 0,
                        "num_branches": 2,
                        "num_partial_branches": 0,
                        "covered_branches": 0,
                        "missing_branches": 2
                    },
                    "missing_lines": [
                        203,
                        204,
                        205,
                        207
                    ],
                    "excluded_lines": [],
                    "executed_branches": [],
                    "missing_branches": [
                        [
                            204,
                            205
                        ],
                        [
                            204,
                            207
                        ]
                    ]
                },
                "health_check": {
                    "executed_lines": [],
                    "summary": {
                        "covered_lines": 0,
                        "num_statements": 1,
                        "percent_covered": 0.0,
                        "percent_covered_display": "0.00",
                        "missing_lines": 1,
                        "excluded_lines": 0,
                        "num_branches": 0,
                        "num_partial_branches": 0,
                        "covered_branches": 0,
                        "missing_branches": 0
                    },
                    "missing_lines": [
                        224
                    ],
                    "excluded_lines": [],
                    "executed_branches": [],
                    "missing_branches": []
                },
                "get_download_platforms": {
                    "executed_lines": [],
                    "summary": {
                        "covered_lines": 0,
                        "num_statements": 1,
                        "percent_covered": 0.0,
                        "percent_covered_display": "0.00",
                        "missing_lines": 1,
                        "excluded_lines": 0,
                        "num_branches": 0,
                        "num_partial_branches": 0,
                        "covered_branches": 0,
                        "missing_branches": 0
                    },
                    "missing_lines": [
                        237
                    ],
                    "excluded_lines": [],
                    "executed_branches": [],
                    "missing_branches": []
                },
                "get_formats": {
                    "executed_lines": [],
                    "summary": {
                        "covered_lines": 0,
                        "num_statements": 2,
                        "percent_covered": 0.0,
                        "percent_covered_display": "0.00",
                        "missing_lines": 2,
                        "excluded_lines": 0,
                        "num_branches": 0,
                        "num_partial_branches": 0,
                        "covered_branches": 0,
                        "missing_branches": 0
                    },
                    "missing_lines": [
                        247,
                        248
                    ],
                    "excluded_lines": [],
                    "executed_branches": [],
                    "missing_branches": []
                },
                "get_video_formats": {
                    "executed_lines": [],
                    "summary": {
                        "covered_lines": 0,
                        "num_statements": 2,
                        "percent_covered": 0.0,
                        "percent_covered_display": "0.00",
                        "missing_lines": 2,
                        "excluded_lines": 0,
                        "num_branches": 0,
                        "num_partial_branches": 0,
                        "covered_branches": 0,
                        "missing_branches": 0
                    },
                    "missing_lines": [
                        262,
                        263
                    ],
                    "excluded_lines": [],
                    "executed_branches": [],
                    "missing_branches": []
                },
                "resolve_max_quality_format": {
                    "executed_lines": [],
                    "summary": {
                        "covered_lines": 0,
                        "num_statements": 8,
                        "percent_covered": 0.0,
                        "percent_covered_display": "0.00",
                        "missing_lines": 8,
                        "excluded_lines": 0,
                        "num_branches": 4,
                        "num_partial_branches": 0,
                        "covered_branches": 0,
                        "missing_branches": 4
                    },
                    "missing_lines": [
                        285,
                        286,
                        287,
                        288,
                        289,
                        292,
                        293,
                        294
                    ],
                    "excluded_lines": [],
                    "executed_branches": [],
                    "missing_branches": [
                        [
                            286,
                            287
                        ],
                        [
                            286,
                            288
                        ],
                        [
                            288,
                            289
                        ],
                        [
                            288,
                            292
                        ]
                    ]
                },
                "start_optimization": {
                    "executed_lines": [],
                    "summary": {
                        "covered_lines": 0,
                        "num_statements": 0,
                        "percent_covered": 100.0,
                        "percent_covered_display": "100.00",
                        "missing_lines": 0,
                        "excluded_lines": 201,
                        "num_branches": 0,
                        "num_partial_branches": 0,
                        "covered_branches": 0,
                        "missing_branches": 0
                    },
                    "missing_lines": [],
                    "excluded_lines": [
                        318,
                        319,
                        320,
                        321,
                        322,
                        323,
                        324,
                        325,
                        326,
                        327,
                        328,
                        329,
                        330,
                        331,
                        332,
                        333,
                        334,
                        335,
                        336,
                        337,
                        338,
                        339,
                        340,
                        341,
                        342,
                        343,
                        344,
                        345,
                        346,
                        347,
                        348,
                        349,
                        350,
                        351,
                        352,
                        353,
                        354,
                        355,
                        356,
                        357,
                        358,
                        359,
                        360,
                        361,
                        362,
                        363,
                        364,
                        365,
                        366,
                        367,
                        368,
                        369,
                        370,
                        371,
                        372,
                        373,
                        374,
                        375,
                        376,
                        377,
                        378,
                        379,
                        380,
                        381,
                        382,
                        383,
                        384,
                        385,
                        386,
                        387,
                        388,
                        389,
                        390,
                        391,
                        392,
                        393,
                        394,
                        395,
                        396,
                        397,
                        398,
                        399,
                        400,
                        401,
                        402,
                        403,
                        404,
                        405,
                        406,
                        407,
                        408,
                        409,
                        410,
                        411,
                        412,
                        413,
                        414,
                        415,
                        416,
                        417,
                        418,
                        419,
                        420,
                        421,
                        422,
                        423,
                        424,
                        425,
                        426,
                        427,
                        428,
                        429,
                        430,
                        431,
                        432,
                        433,
                        434,
                        435,
                        436,
                        437,
                        438,
                        439,
                        440,
                        441,
                        442,
                        443,
                        444,
                        445,
                        446,
                        447,
                        448,
                        449,
                        450,
                        451,
                        452,
                        453,
                        454,
                        455,
                        456,
                        457,
                        458,
                        459,
                        460,
                        461,
                        462,
                        463,
                        464,
                        465,
                        466,
                        467,
                        468,
                        469,
                        470,
                        471,
                        472,
                        473,
                        474,
                        475,
                        476,
                        477,
                        478,
                        479,
                        480,
                        481,
                        482,
                        483,
                        484,
                        485,
                        486,
                        487,
                        488,
                        489,
                        490,
                        491,
                        492,
                        493,
                        494,
                        495,
                        496,
                        497,
                        498,
                        499,
                        500,
                        501,
                        502,
                        503,
                        504,
                        505,
                        506,
                        507,
                        508,
                        509,
                        510,
                        511,
                        512,
                        513,
                        514,
                        515,
                        516,
                        517,
                        518
                    ],
                    "executed_branches": [],
                    "missing_branches": []
                },
                "start_download": {
                    "executed_lines": [],
                    "summary": {
                        "covered_lines": 0,
                        "num_statements": 0,
                        "percent_covered": 100.0,
                        "percent_covered_display": "100.00",
                        "missing_lines": 0,
                        "excluded_lines": 68,
                        "num_branches": 0,
                        "num_partial_branches": 0,
                        "covered_branches": 0,
                        "missing_branches": 0
                    },
                    "missing_lines": [],
                    "excluded_lines": [
                        534,
                        535,
                        536,
                        537,
                        538,
                        539,
                        540,
                        541,
                        542,
                        543,
                        544,
                        545,
                        546,
                        547,
                        548,
                        549,
                        550,
                        551,
                        552,
                        553,
                        554,
                        555,
                        556,
                        557,
                        558,
                        559,
                        560,
                        561,
                        562,
                        563,
                        564,
                        565,
                        566,
                        567,
                        568,
                        569,
                        570,
                        571,
                        572,
                        573,
                        574,
                        575,
                        576,
                        577,
                        578,
                        579,
                        580,
                        581,
                        582,
                        583,
                        584,
                        585,
                        586,
                        587,
                        588,
                        589,
                        590,
                        591,
                        592,
                        593,
                        594,
                        595,
                        596,
                        597,
                        598,
                        599,
                        600,
                        601
                    ],
                    "executed_branches": [],
                    "missing_branches": []
                },
                "process_download_async": {
                    "executed_lines": [],
                    "summary": {
                        "covered_lines": 0,
                        "num_statements": 21,
                        "percent_covered": 0.0,
                        "percent_covered_display": "0.00",
                        "missing_lines": 21,
                        "excluded_lines": 3,
                        "num_branches": 2,
                        "num_partial_branches": 0,
                        "covered_branches": 0,
                        "missing_branches": 2
                    },
                    "missing_lines": [
                        620,
                        628,
                        629,
                        631,
                        636,
                        637,
                        638,
                        651,
                        657,
                        658,
                        659,
                        660,
                        661,
                        663,
                        664,
                        674,
                        675,
                        676,
                        677,
                        680,
                        681
                    ],
                    "excluded_lines": [
                        622,
                        643,
                        678
                    ],
                    "executed_branches": [],
                    "missing_branches": [
                        [
                            674,
                            675
                        ],
                        [
                            674,
                            680
                        ]
                    ]
                },
                "process_mixed_async": {
                    "executed_lines": [],
                    "summary": {
                        "covered_lines": 0,
                        "num_statements": 17,
                        "percent_covered": 0.0,
                        "percent_covered_display": "0.00",
                        "missing_lines": 17,
                        "excluded_lines": 2,
                        "num_branches": 8,
                        "num_partial_branches": 0,
                        "covered_branches": 0,
                        "missing_branches": 8
                    },
                    "missing_lines": [
                        708,
                        709,
                        712,
                        713,
                        714,
                        715,
                        716,
                        725,
                        726,
                        727,
                        732,
                        738,
                        739,
                        740,
                        741,
                        745,
                        746
                    ],
                    "excluded_lines": [
                        718,
                        742
                    ],
                    "executed_branches": [],
                    "missing_branches": [
                        [
                            713,
                            714
                        ],
                        [
                            713,
                            715
                        ],
                        [
                            725,
                            726
                        ],
                        [
                            725,
                            738
                        ],
                        [
                            726,
                            727
                        ],
                        [
                            726,
                            732
                        ],
                        [
                            738,
                            739
                        ],
                        [
                            738,
                            745
                        ]
                    ]
                },
                "process_single_image": {
                    "executed_lines": [],
                    "summary": {
                        "covered_lines": 0,
                        "num_statements": 32,
                        "percent_covered": 0.0,
                        "percent_covered_display": "0.00",
                        "missing_lines": 32,
                        "excluded_lines": 0,
                        "num_branches": 6,
                        "num_partial_branches": 0,
                        "covered_branches": 0,
                        "missing_branches": 6
                    },
                    "missing_lines": [
                        769,
                        770,
                        772,
                        773,
                        774,
                        776,
                        778,
                        781,
                        782,
                        785,
                        786,
                        789,
                        794,
                        797,
                        798,
                        799,
                        802,
                        816,
                        818,
                        819,
                        820,
                        821,
                        823,
                        825,
                        826,
                        827,
                        828,
                        830,
                        841,
                        844,
                        845,
                        847
                    ],
                    "excluded_lines": [],
                    "executed_branches": [],
                    "missing_branches": [
                        [
                            769,
                            770
                        ],
                        [
                            769,
                            772
                        ],
                        [
                            827,
                            828
                        ],
                        [
                            827,
                            830
                        ],
                        [
                            844,
                            845
                        ],
                        [
                            844,
                            847
                        ]
                    ]
                },
                "process_single_video": {
                    "executed_lines": [],
                    "summary": {
                        "covered_lines": 0,
                        "num_statements": 31,
                        "percent_covered": 0.0,
                        "percent_covered_display": "0.00",
                        "missing_lines": 31,
                        "excluded_lines": 0,
                        "num_branches": 4,
                        "num_partial_branches": 0,
                        "covered_branches": 0,
                        "missing_branches": 4
                    },
                    "missing_lines": [
                        862,
                        863,
                        864,
                        866,
                        868,
                        870,
                        871,
                        874,
                        875,
                        878,
                        881,
                        886,
                        889,
                        890,
                        891,
                        894,
                        911,
                        912,
                        913,
                        914,
                        915,
                        917,
                        919,
                        920,
                        921,
                        922,
                        924,
                        934,
                        935,
                        936,
                        938
                    ],
                    "excluded_lines": [],
                    "executed_branches": [],
                    "missing_branches": [
                        [
                            921,
                            922
                        ],
                        [
                            921,
                            924
                        ],
                        [
                            935,
                            936
                        ],
                        [
                            935,
                            938
                        ]
                    ]
                },
                "stream_progress": {
                    "executed_lines": [],
                    "summary": {
                        "covered_lines": 0,
                        "num_statements": 5,
                        "percent_covered": 0.0,
                        "percent_covered_display": "0.00",
                        "missing_lines": 5,
                        "excluded_lines": 0,
                        "num_branches": 2,
                        "num_partial_branches": 0,
                        "covered_branches": 0,
                        "missing_branches": 2
                    },
                    "missing_lines": [
                        946,
                        947,
                        949,
                        951,
                        970
                    ],
                    "excluded_lines": [],
                    "executed_branches": [],
                    "missing_branches": [
                        [
                            946,
                            947
                        ],
                        [
                            946,
                            949
                        ]
                    ]
                },
                "stream_progress.event_generator": {
                    "executed_lines": [],
                    "summary": {
                        "covered_lines": 0,
                        "num_statements": 10,
                        "percent_covered": 0.0,
                        "percent_covered_display": "0.00",
                        "missing_lines": 10,
                        "excluded_lines": 0,
                        "num_branches": 6,
                        "num_partial_branches": 0,
                        "covered_branches": 0,
                        "missing_branches": 6
                    },
                    "missing_lines": [
                        953,
                        955,
                        957,
                        958,
                        959,
                        960,
                        963,
                        964,
                        965,
                        968
                    ],
                    "excluded_lines": [],
                    "executed_branches": [],
                    "missing_branches": [
                        [
                            957,
                            958
                        ],
                        [
                            957,
                            963
                        ],
                        [
                            958,
                            959
                        ],
                        [
                            958,
                            960
                        ],
                        [
                            963,
                            964
                        ],
                        [
                            963,
                            968
                        ]
                    ]
                },
                "get_job_status": {
                    "executed_lines": [],
                    "summary": {
                        "covered_lines": 0,
                        "num_statements": 3,
                        "percent_covered": 0.0,
                        "percent_covered_display": "0.00",
                        "missing_lines": 3,
                        "excluded_lines": 0,
                        "num_branches": 2,
                        "num_partial_branches": 0,
                        "covered_branches": 0,
                        "missing_branches": 2
                    },
                    "missing_lines": [
                        984,
                        985,
                        987
                    ],
                    "excluded_lines": [],
                    "executed_branches": [],
                    "missing_branches": [
                        [
                            984,
                            985
                        ],
                        [
                            984,
                            987
                        ]
                    ]
                },
                "download_file": {
                    "executed_lines": [],
                    "summary": {
                        "covered_lines": 0,
                        "num_statements": 23,
                        "percent_covered": 0.0,
                        "percent_covered_display": "0.00",
                        "missing_lines": 23,
                        "excluded_lines": 0,
                        "num_branches": 14,
                        "num_partial_branches": 0,
                        "covered_branches": 0,
                        "missing_branches": 14
                    },
                    "missing_lines": [
                        997,
                        998,
                        1000,
                        1002,
                        1003,
                        1005,
                        1006,
                        1009,
                        1010,
                        1012,
                        1013,
                        1016,
                        1017,
                        1018,
                        1027,
                        1028,
                        1029,
                        1031,
                        1032,
                        1033,
                        1034,
                        1036,
                        1038
                    ],
                    "excluded_lines": [],
                    "executed_branches": [],
                    "missing_branches": [
                        [
                            997,
                            998
                        ],
                        [
                            997,
                            1000
                        ],
                        [
                            1002,
                            1003
                        ],
                        [
                            1002,
                            1005
                        ],
                        [
                            1005,
                            1006
                        ],
                        [
                            1005,
                            1009
                        ],
                        [
                            1012,
                            1013
                        ],
                        [
                            1012,
                            1016
                        ],
                        [
                            1016,
                            1017
                        ],
                        [
                            1016,
                            1027
                        ],
                        [
                            1029,
                            1031
                        ],
                        [
                            1029,
                            1036
                        ],
                        [
                            1032,
                            1033
                        ],
                        [
                            1032,
                            1034
                        ]
                    ]
                },
                "download_single_file": {
                    "executed_lines": [],
                    "summary": {
                        "covered_lines": 0,
                        "num_statements": 11,
                        "percent_covered": 0.0,
                        "percent_covered_display": "0.00",
                        "missing_lines": 11,
                        "excluded_lines": 0,
                        "num_branches": 8,
                        "num_partial_branches": 0,
                        "covered_branches": 0,
                        "missing_branches": 8
                    },
                    "missing_lines": [
                        1052,
                        1053,
                        1055,
                        1057,
                        1058,
                        1061,
                        1062,
                        1064,
                        1066,
                        1067,
                        1069
                    ],
                    "excluded_lines": [],
                    "executed_branches": [],
                    "missing_branches": [
                        [
                            1052,
                            1053
                        ],
                        [
                            1052,
                            1055
                        ],
                        [
                            1057,
                            1058
                        ],
                        [
                            1057,
                            1061
                        ],
                        [
                            1061,
                            1062
                        ],
                        [
                            1061,
                            1064
                        ],
                        [
                            1066,
                            1067
                        ],
                        [
                            1066,
                            1069
                        ]
                    ]
                },
                "download_zip_only": {
                    "executed_lines": [],
                    "summary": {
                        "covered_lines": 0,
                        "num_statements": 17,
                        "percent_covered": 0.0,
                        "percent_covered_display": "0.00",
                        "missing_lines": 17,
                        "excluded_lines": 0,
                        "num_branches": 12,
                        "num_partial_branches": 0,
                        "covered_branches": 0,
                        "missing_branches": 12
                    },
                    "missing_lines": [
                        1083,
                        1084,
                        1086,
                        1088,
                        1089,
                        1091,
                        1092,
                        1095,
                        1096,
                        1097,
                        1098,
                        1100,
                        1101,
                        1102,
                        1103,
                        1105,
                        1107
                    ],
                    "excluded_lines": [],
                    "executed_branches": [],
                    "missing_branches": [
                        [
                            1083,
                            1084
                        ],
                        [
                            1083,
                            1086
                        ],
                        [
                            1088,
                            1089
                        ],
                        [
                            1088,
                            1091
                        ],
                        [
                            1091,
                            1092
                        ],
                        [
                            1091,
                            1095
                        ],
                        [
                            1097,
                            1098
                        ],
                        [
                            1097,
                            1105
                        ],
                        [
                            1098,
                            1097
                        ],
                        [
                            1098,
                            1100
                        ],
                        [
                            1101,
                            1102
                        ],
                        [
                            1101,
                            1103
                        ]
                    ]
                },
                "cleanup_job": {
                    "executed_lines": [],
                    "summary": {
                        "covered_lines": 0,
                        "num_statements": 7,
                        "percent_covered": 0.0,
                        "percent_covered_display": "0.00",
                        "missing_lines": 7,
                        "excluded_lines": 0,
                        "num_branches": 4,
                        "num_partial_branches": 0,
                        "covered_branches": 0,
                        "missing_branches": 4
                    },
                    "missing_lines": [
                        1119,
                        1120,
                        1122,
                        1125,
                        1126,
                        1129,
                        1131
                    ],
                    "excluded_lines": [],
                    "executed_branches": [],
                    "missing_branches": [
                        [
                            1119,
                            1120
                        ],
                        [
                            1119,
                            1122
                        ],
                        [
                            1125,
                            1126
                        ],
                        [
                            1125,
                            1129
                        ]
                    ]
                },
                "": {
                    "executed_lines": [],
                    "summary": {
                        "covered_lines": 0,
                        "num_statements": 82,
                        "percent_covered": 0.0,
                        "percent_covered_display": "0.00",
                        "missing_lines": 82,
                        "excluded_lines": 54,
                        "num_branches": 2,
                        "num_partial_branches": 0,
                        "covered_branches": 0,
                        "missing_branches": 2
                    },
                    "missing_lines": [
                        6,
                        7,
                        8,
                        9,
                        12,
                        13,
                        14,
                        16,
                        17,
                        18,
                        19,
                        20,
                        21,
                        22,
                        23,
                        24,
                        25,
                        26,
                        27,
                        28,
                        29,
                        30,
                        31,
                        32,
                        33,
                        34,
                        37,
                        38,
                        43,
                        50,
                        57,
                        58,
                        61,
                        62,
                        65,
                        68,
                        71,
                        72,
                        75,
                        76,
                        79,
                        85,
                        92,
                        95,
                        98,
                        124,
                        125,
                        139,
                        142,
                        143,
                        144,
                        147,
                        157,
                        159,
                        191,
                        201,
                        221,
                        222,
                        234,
                        235,
                        244,
                        245,
                        259,
                        260,
                        276,
                        279,
                        604,
                        689,
                        754,
                        850,
                        941,
                        942,
                        981,
                        982,
                        990,
                        991,
                        1047,
                        1048,
                        1078,
                        1079,
                        1116,
                        1117
                    ],
                    "excluded_lines": [
                        297,
                        298,
                        299,
                        300,
                        301,
                        302,
                        303,
                        304,
                        305,
                        306,
                        307,
                        308,
                        309,
                        310,
                        311,
                        312,
                        313,
                        314,
                        315,
                        316,
                        317,
                        521,
                        522,
                        523,
                        524,
                        525,
                        526,
                        527,
                        528,
                        529,
                        530,
                        531,
                        532,
                        533,
                        1134,
                        1135,
                        1137,
                        1138,
                        1139,
                        1140,
                        1141,
                        1143,
                        1144,
                        1145,
                        1147,
                        1148,
                        1149,
                        1150,
                        1151,
                        1153,
                        1154,
                        1155,
                        1157,
                        1158
                    ],
                    "executed_branches": [],
                    "missing_branches": [
                        [
                            12,
                            13
                        ],
                        [
                            12,
                            16
                        ]
                    ]
                }
            },
            "classes": {
                "OptimizationJob": {
                    "executed_lines": [],
                    "summary": {
                        "covered_lines": 0,
                        "num_statements": 29,
                        "percent_covered": 0.0,
                        "percent_covered_display": "0.00",
                        "missing_lines": 29,
                        "excluded_lines": 0,
                        "num_branches": 10,
                        "num_partial_branches": 0,
                        "covered_branches": 0,
                        "missing_branches": 10
                    },
                    "missing_lines": [
                        160,
                        161,
                        162,
                        163,
                        164,
                        165,
                        166,
                        169,
                        170,
                        171,
                        173,
                        174,
                        176,
                        177,
                        178,
                        179,
                        181,
                        182,
                        193,
                        194,
                        195,
                        196,
                        197,
                        198,
                        199,
                        203,
                        204,
                        205,
                        207
                    ],
                    "excluded_lines": [],
                    "executed_branches": [],
                    "missing_branches": [
                        [
                            173,
                            174
                        ],
                        [
                            173,
                            176
                        ],
                        [
                            194,
                            195
                        ],
                        [
                            194,
                            196
                        ],
                        [
                            196,
                            197
                        ],
                        [
                            196,
                            198
                        ],
                        [
                            198,
                            -191
                        ],
                        [
                            198,
                            199
                        ],
                        [
                            204,
                            205
                        ],
                        [
                            204,
                            207
                        ]
                    ]
                },
                "": {
                    "executed_lines": [],
                    "summary": {
                        "covered_lines": 0,
                        "num_statements": 300,
                        "percent_covered": 0.0,
                        "percent_covered_display": "0.00",
                        "missing_lines": 300,
                        "excluded_lines": 328,
                        "num_branches": 90,
                        "num_partial_branches": 0,
                        "covered_branches": 0,
                        "missing_branches": 90
                    },
                    "missing_lines": [
                        6,
                        7,
                        8,
                        9,
                        12,
                        13,
                        14,
                        16,
                        17,
                        18,
                        19,
                        20,
[...]
                        [
                            172,
                            173
                        ],
                        [
                            172,
                            180
                        ],
                        [
                            183,
                            184
                        ],
                        [
                            183,
                            187
                        ],
                        [
                            187,
                            188
                        ],
                        [
                            187,
                            191
                        ],
                        [
                            199,
                            200
                        ],
                        [
                            199,
                            202
                        ],
                        [
                            205,
                            207
                        ],
                        [
                            205,
                            216
                        ],
                        [
                            208,
                            210
                        ],
                        [
                            208,
                            216
                        ]
                    ]
                },
                "convert_video": {
                    "executed_lines": [],
                    "summary": {
                        "covered_lines": 0,
                        "num_statements": 34,
                        "percent_covered": 0.0,
                        "percent_covered_display": "0.00",
                        "missing_lines": 34,
                        "excluded_lines": 1,
                        "num_branches": 20,
                        "num_partial_branches": 0,
                        "covered_branches": 0,
                        "missing_branches": 20
                    },
                    "missing_lines": [
                        246,
                        247,
                        249,
                        250,
                        252,
                        253,
                        254,
                        257,
                        258,
                        261,
                        264,
                        268,
                        275,
                        277,
                        278,
                        279,
                        282,
                        283,
                        285,
                        288,
                        290,
                        291,
                        292,
                        295,
                        296,
                        297,
                        298,
                        299,
                        302,
                        303,
                        304,
                        305,
                        307,
                        309
                    ],
                    "excluded_lines": [
                        287
                    ],
                    "executed_branches": [],
                    "missing_branches": [
                        [
                            246,
                            247
                        ],
                        [
                            246,
                            249
                        ],
                        [
                            249,
                            250
                        ],
                        [
                            249,
                            252
                        ],
                        [
                            275,
                            277
                        ],
                        [
                            275,
                            282
                        ],
                        [
                            282,
                            283
                        ],
                        [
                            282,
                            285
                        ],
                        [
                            288,
                            290
                        ],
                        [
                            288,
                            302
                        ],
                        [
                            290,
                            291
                        ],
                        [
                            290,
                            302
                        ],
                        [
                            296,
                            290
                        ],
                        [
                            296,
                            297
                        ],
                        [
                            298,
                            290
                        ],
                        [
                            298,
                            299
                        ],
                        [
                            302,
                            303
                        ],
                        [
                            302,
                            304
                        ],
                        [
                            304,
                            305
                        ],
                        [
                            304,
                            307
                        ]
                    ]
                },
                "get_supported_formats": {
                    "executed_lines": [],
                    "summary": {
                        "covered_lines": 0,
                        "num_statements": 1,
                        "percent_covered": 0.0,
                        "percent_covered_display": "0.00",
                        "missing_lines": 1,
                        "excluded_lines": 0,
                        "num_branches": 0,
                        "num_partial_branches": 0,
                        "covered_branches": 0,
                        "missing_branches": 0
                    },
                    "missing_lines": [
                        314
                    ],
                    "excluded_lines": [],
                    "executed_branches": [],
                    "missing_branches": []
                },
                "": {
                    "executed_lines": [],
                    "summary": {
                        "covered_lines": 0,
                        "num_statements": 15,
                        "percent_covered": 0.0,
                        "percent_covered_display": "0.00",
                        "missing_lines": 15,
                        "excluded_lines": 46,
                        "num_branches": 0,
                        "num_partial_branches": 0,
                        "covered_branches": 0,
                        "missing_branches": 0
                    },
                    "missing_lines": [
                        18,
                        19,
                        20,
                        21,
                        22,
                        25,
                        28,
                        64,
                        74,
                        79,
                        140,
                        147,
                        154,
                        221,
                        312
                    ],
                    "excluded_lines": [
                        326,
                        327,
                        329,
                        330,
                        331,
                        332,
                        334,
                        336,
                        339,
                        341,
                        344,
                        345,
                        347,
                        348,
                        349,
                        351,
                        352,
                        354,
                        356,
                        357,
                        358,
                        359,
                        360,
                        361,
                        362,
                        363,
                        364,
                        366,
                        367,
                        368,
                        369,
                        370,
                        371,
                        372,
                        373,
                        375,
                        380,
                        381,
                        382,
                        383,
                        384,
                        385,
                        386,
                        388,
                        389,
                        390
                    ],
                    "executed_branches": [],
                    "missing_branches": []
                }
            },
            "classes": {
                "": {
                    "executed_lines": [],
                    "summary": {
                        "covered_lines": 0,
                        "num_statements": 104,
                        "percent_covered": 0.0,
                        "percent_covered_display": "0.00",
                        "missing_lines": 104,
                        "excluded_lines": 47,
                        "num_branches": 44,
                        "num_partial_branches": 0,
                        "covered_branches": 0,
                        "missing_branches": 44
                    },
                    "missing_lines": [
                        18,
                        19,
                        20,
                        21,
                        22,
                        25,
                        28,
                        64,
                        74,
                        76,
                        79,
                        86,
                        95,
                        97,
                        98,
                        100,
                        103,
                        104,
                        105,
                        106,
                        107,
                        109,
                        110,
                        113,
                        114,
                        115,
                        116,
                        118,
                        121,
                        124,
                        127,
                        129,
                        140,
                        142,
                        143,
                        144,
                        147,
                        149,
                        150,
                        151,
                        154,
                        164,
                        166,
                        169,
                        172,
                        173,
                        175,
                        177,
                        180,
                        183,
                        184,
                        187,
                        188,
                        191,
                        192,
                        195,
                        199,
                        200,
                        202,
                        205,
                        207,
                        208,
                        210,
                        212,
                        213,
                        216,
                        218,
                        221,
                        246,
                        247,
                        249,
                        250,
                        252,
                        253,
                        254,
                        257,
                        258,
                        261,
                        264,
                        268,
                        275,
                        277,
                        278,
                        279,
                        282,
                        283,
                        285,
                        288,
                        290,
                        291,
                        292,
                        295,
                        296,
                        297,
                        298,
                        299,
                        302,
                        303,
                        304,
                        305,
                        307,
                        309,
                        312,
                        314
                    ],
                    "excluded_lines": [
                        287,
                        326,
                        327,
                        329,
                        330,
                        331,
                        332,
                        334,
                        336,
                        339,
                        341,
                        344,
                        345,
                        347,
                        348,
                        349,
                        351,
                        352,
                        354,
                        356,
                        357,
                        358,
                        359,
                        360,
                        361,
                        362,
                        363,
                        364,
                        366,
                        367,
                        368,
                        369,
                        370,
                        371,
                        372,
                        373,
                        375,
                        380,
                        381,
                        382,
                        383,
                        384,
                        385,
                        386,
                        388,
                        389,
                        390
                    ],
                    "executed_branches": [],
                    "missing_branches": [
                        [
                            97,
                            98
                        ],
                        [
                            97,
                            100
                        ],
                        [
                            104,
                            105
                        ],
                        [
                            104,
                            109
                        ],
                        [
                            105,
                            104
                        ],
                        [
                            105,
                            106
                        ],
                        [
                            109,
                            110
                        ],
                        [
                            109,
                            113
                        ],
                        [
                            114,
                            115
                        ],
                        [
                            114,
                            118
                        ],
                        [
                            142,
                            143
                        ],
                        [
                            142,
                            144
                        ],
                        [
                            172,
                            173
                        ],
                        [
                            172,
                            180
                        ],
                        [
                            183,
                            184
                        ],
                        [
                            183,
                            187
                        ],
                        [
                            187,
                            188
                        ],
                        [
                            187,
                            191
                        ],
                        [
                            199,
                            200
                        ],
                        [
                            199,
                            202
                        ],
                        [
                            205,
                            207
                        ],
                        [
                            205,
                            216
                        ],
                        [
                            208,
                            210
                        ],
                        [
                            208,
                            216
                        ],
                        [
                            246,
                            247
                        ],
                        [
                            246,
                            249
                        ],
                        [
                            249,
                            250
                        ],
                        [
                            249,
                            252
                        ],
                        [
                            275,
                            277
                        ],
                        [
                            275,
                            282
                        ],
                        [
                            282,
                            283
                        ],
                        [
                            282,
                            285
                        ],
                        [
                            288,
                            290
                        ],
                        [
                            288,
                            302
                        ],
                        [
                            290,
                            291
                        ],
                        [
                            290,
                            302
                        ],
                        [
                            296,
                            290
                        ],
                        [
                            296,
                            297
                        ],
                        [
                            298,
                            290
                        ],
                        [
                            298,
                            299
                        ],
                        [
                            302,
                            303
                        ],
                        [
                            302,
                            304
                        ],
                        [
                            304,
                            305
                        ],
                        [
                            304,
                            307
                        ]
                    ]
                }
            }
        }
    },
    "totals": {
        "covered_lines": 67,
        "num_statements": 1652,
        "percent_covered": 4.536390827517447,
        "percent_covered_display": "4.54",
        "missing_lines": 1585,
        "excluded_lines": 404,
        "num_branches": 354,
        "num_partial_branches": 10,
        "covered_branches": 24,
        "missing_branches": 330
    }
}