{
    "meta": {
        "format": 3,
        "version": "7.6.9",
        "timestamp": "2026-07-15T18:19:09.159499",
        "branch_coverage": true,
        "show_contexts": false
    },
    "files": {
        "main.py": {
            "executed_lines": [],
            "summary": {
                "covered_lines": 0,
                "num_statements": 301,
                "percent_covered": 0.0,
                "percent_covered_display": "0.00",
                "missing_lines": 301,
                "excluded_lines": 244,
                "num_branches": 98,
                "num_partial_branches": 0,
                "covered_branches": 0,
                "missing_branches": 98
            },
            "missing_lines": [
                6,
                7,
                8,
                9,
                12,
                13,
                14,
                16,
                17,
                18,
                19,
                20,
                21,
                22,
                23,
                24,
                25,
                26,
                27,
                28,
                29,
                30,
                31,
                32,
                33,
                34,
                37,
                38,
                47,
                54,
                55,
                58,
                61,
                64,
                65,
                68,
                69,
                72,
                74,
                75,
                78,
                80,
                81,
                85,
                88,
                91,
                93,
                94,
                96,
                97,
                99,
                101,
                102,
                104,
                105,
                107,
                108,
                109,
                110,
                111,
                113,
                114,
                117,
                118,
                122,
                123,
                124,
                125,
                126,
                128,
                129,
                132,
                135,
                136,
                137,
                140,
                150,
                152,
                153,
                154,
                155,
                156,
                157,
                158,
                159,
                162,
                163,
                164,
                166,
                167,
                169,
                170,
                171,
                172,
                174,
                175,
                184,
                186,
                187,
                188,
                189,
                190,
                191,
                192,
                194,
                196,
                197,
                198,
                200,
                214,
                215,
                217,
                226,
                227,
                229,
                230,
                241,
                242,
                244,
                245,
                258,
                261,
                267,
                268,
                269,
                270,
                271,
                274,
                275,
                276,
                503,
                522,
                523,
                526,
                527,
                528,
                529,
                530,
                539,
                540,
                541,
                546,
                552,
                553,
                554,
                555,
                559,
                560,
                568,
                583,
                584,
                586,
                587,
                588,
                590,
                592,
                595,
                596,
                599,
                600,
                603,
                608,
                611,
                612,
                613,
                616,
                630,
                632,
                633,
                634,
                635,
                637,
                639,
                640,
                641,
                642,
                644,
                655,
                658,
                659,
                661,
                664,
                676,
                677,
                678,
                680,
                682,
                684,
                685,
                688,
                689,
                692,
                695,
                700,
                703,
                704,
                705,
                708,
                725,
                726,
                727,
                728,
                729,
                731,
                733,
                734,
                735,
                736,
                738,
                748,
                749,
                750,
                752,
                755,
                756,
                760,
                761,
                763,
                765,
                767,
                769,
                771,
                772,
                773,
                774,
                777,
                778,
                779,
                782,
                784,
                795,
                796,
                798,
                799,
                801,
                804,
                805,
                811,
                812,
                814,
                816,
                817,
                819,
                820,
                823,
                824,
                826,
                827,
                830,
                831,
                832,
                841,
                842,
                843,
                845,
                846,
                847,
                848,
                850,
                852,
                861,
                862,
                866,
                867,
                869,
                871,
                872,
                875,
                876,
                878,
                880,
                881,
                883,
                892,
                893,
                897,
                898,
                900,
                902,
                903,
                905,
                906,
                909,
                910,
                911,
                912,
                914,
                915,
                916,
                917,
                919,
                921,
                930,
                931,
                933,
                934,
                936,
                939,
                940,
                943,
                945
            ],
            "excluded_lines": [
                279,
                280,
                281,
                282,
                283,
                284,
                285,
                286,
                287,
                288,
                289,
                290,
                291,
                292,
                293,
                294,
                295,
                296,
                297,
                298,
                299,
                300,
                301,
                302,
                303,
                304,
                305,
                306,
                307,
                308,
                309,
                310,
                311,
                312,
                313,
                314,
                315,
                316,
                317,
                318,
                319,
                320,
                321,
                322,
                323,
                324,
                325,
                326,
                327,
                328,
                329,
                330,
                331,
                332,
                333,
                334,
                335,
                336,
                337,
                338,
                339,
                340,
                341,
                342,
                343,
                344,
                345,
                346,
                347,
                348,
                349,
                350,
                351,
                352,
                353,
                354,
                355,
                356,
                357,
                358,
                359,
                360,
                361,
                362,
                363,
                364,
                365,
                366,
                367,
                368,
                369,
                370,
                371,
                372,
                373,
                374,
                375,
                376,
                377,
                378,
                379,
                380,
                381,
                382,
                383,
                384,
                385,
                386,
                387,
                388,
                389,
                390,
                391,
                392,
                393,
                394,
                395,
                396,
                397,
                398,
                399,
                400,
                401,
                402,
                403,
                404,
                405,
                406,
                407,
                408,
                409,
                410,
                411,
                412,
                413,
                414,
                415,
                416,
                417,
                418,
                419,
                420,
                421,
                422,
                423,
                424,
                425,
                426,
                427,
                428,
                429,
                430,
                431,
                432,
                433,
                434,
                435,
                436,
                437,
                438,
                439,
                440,
                441,
                442,
                443,
                444,
                445,
                446,
                447,
                448,
                449,
                450,
                451,
                452,
                453,
                454,
                455,
                456,
                457,
                458,
                459,
                460,
                461,
                462,
                463,
                464,
                465,
                466,
                467,
                468,
                469,
                470,
                471,
                472,
                473,
                474,
                475,
                476,
                477,
                478,
                479,
                480,
                481,
                482,
                483,
                484,
                485,
                486,
                487,
                488,
                489,
                490,
                491,
                492,
                493,
                494,
                495,
                496,
                497,
                498,
                499,
                500,
                532,
                556,
                948,
                949,
                951,
                952,
                953,
                954,
                955,
                957,
                958,
                959,
                961,
                962,
                963,
                964,
                965,
                967,
                968,
                969,
                971,
                972
            ],
            "executed_branches": [],
            "missing_branches": [
                [
                    12,
                    13
                ],
                [
                    12,
                    16
                ],
                [
                    99,
                    101
                ],
                [
                    99,
                    107
                ],
                [
                    101,
                    102
                ],
                [
                    101,
                    104
                ],
                [
                    104,
                    99
                ],
                [
                    104,
                    105
                ],
                [
                    107,
                    108
                ],
                [
                    107,
                    113
                ],
                [
                    109,
                    110
                ],
                [
                    109,
                    111
                ],
                [
                    113,
                    93
                ],
                [
                    113,
                    114
                ],
                [
                    122,
                    123
                ],
                [
                    122,
                    125
                ],
                [
                    128,
                    -117
                ],
                [
                    128,
                    129
                ],
                [
                    166,
                    167
                ],
                [
                    166,
                    169
                ],
                [
                    187,
                    188
                ],
                [
                    187,
                    189
                ],
                [
                    189,
                    190
                ],
                [
                    189,
                    191
                ],
                [
                    191,
                    -184
                ],
                [
                    191,
                    192
                ],
                [
                    197,
                    198
                ],
                [
                    197,
                    200
                ],
                [
                    268,
                    269
                ],
                [
                    268,
                    270
                ],
                [
                    270,
                    271
                ],
                [
                    270,
                    274
                ],
                [
                    527,
                    528
                ],
                [
                    527,
                    529
                ],
                [
                    539,
                    540
                ],
                [
                    539,
                    552
                ],
                [
                    540,
                    541
                ],
                [
                    540,
                    546
                ],
                [
                    552,
                    553
                ],
                [
                    552,
                    559
                ],
                [
                    583,
                    584
                ],
                [
                    583,
                    586
                ],
                [
                    641,
                    642
                ],
                [
                    641,
                    644
                ],
                [
                    658,
                    659
                ],
                [
                    658,
                    661
                ],
                [
                    735,
                    736
                ],
                [
                    735,
                    738
                ],
                [
                    749,
                    750
                ],
                [
                    749,
                    752
                ],
                [
                    760,
                    761
                ],
                [
                    760,
                    763
                ],
                [
                    771,
                    772
                ],
                [
                    771,
                    777
                ],
                [
                    772,
                    773
                ],
                [
                    772,
                    774
                ],
                [
                    777,
                    778
                ],
                [
                    777,
                    782
                ],
                [
                    798,
                    799
                ],
                [
                    798,
                    801
                ],
                [
                    811,
                    812
                ],
                [
                    811,
                    814
                ],
                [
                    816,
                    817
                ],
                [
                    816,
                    819
                ],
                [
                    819,
                    820
                ],
                [
                    819,
                    823
                ],
                [
                    826,
                    827
                ],
                [
                    826,
                    830
                ],
                [
                    830,
                    831
                ],
                [
                    830,
                    841
                ],
                [
                    843,
                    845
                ],
                [
                    843,
                    850
                ],
                [
                    846,
                    847
                ],
                [
                    846,
                    848
                ],
                [
                    866,
                    867
                ],
                [
                    866,
                    869
                ],
                [
                    871,
                    872
                ],
                [
                    871,
                    875
                ],
                [
                    875,
                    876
                ],
                [
                    875,
                    878
                ],
                [
                    880,
                    881
                ],
                [
                    880,
                    883
                ],
                [
                    897,
                    898
                ],
                [
                    897,
                    900
                ],
                [
                    902,
                    903
                ],
                [
                    902,
                    905
                ],
                [
                    905,
                    906
                ],
                [
                    905,
                    909
                ],
                [
                    911,
                    912
                ],
                [
                    911,
                    919
                ],
                [
                    912,
                    911
                ],
                [
                    912,
                    914
                ],
                [
                    915,
                    916
                ],
                [
                    915,
                    917
                ],
                [
                    933,
                    934
                ],
                [
                    933,
                    936
                ],
                [
                    939,
                    940
                ],
                [
                    939,
                    943
                ]
            ],
            "functions": {
                "is_video_file": {
                    "executed_lines": [],
                    "summary": {
                        "covered_lines": 0,
                        "num_statements": 2,
                        "percent_covered": 0.0,
                        "percent_covered_display": "0.00",
                        "missing_lines": 2,
                        "excluded_lines": 0,
                        "num_branches": 0,
                        "num_partial_branches": 0,
                        "covered_branches": 0,
                        "missing_branches": 0
                    },
                    "missing_lines": [
                        74,
                        75
                    ],
                    "excluded_lines": [],
                    "executed_branches": [],
                    "missing_branches": []
                },
                "is_image_file": {
                    "executed_lines": [],
                    "summary": {
                        "covered_lines": 0,
                        "num_statements": 2,
                        "percent_covered": 0.0,
                        "percent_covered_display": "0.00",
                        "missing_lines": 2,
                        "excluded_lines": 0,
                        "num_branches": 0,
                        "num_partial_branches": 0,
                        "covered_branches": 0,
                        "missing_branches": 0
                    },
                    "missing_lines": [
                        80,
                        81
                    ],
                    "excluded_lines": [],
                    "executed_branches": [],
                    "missing_branches": []
                },
                "cleanup_old_jobs": {
                    "executed_lines": [],
                    "summary": {
                        "covered_lines": 0,
                        "num_statements": 16,
                        "percent_covered": 0.0,
                        "percent_covered_display": "0.00",
                        "missing_lines": 16,
                        "excluded_lines": 0,
                        "num_branches": 12,
                        "num_partial_branches": 0,
                        "covered_branches": 0,
                        "missing_branches": 12
                    },
                    "missing_lines": [
                        93,
                        94,
                        96,
                        97,
                        99,
                        101,
                        102,
                        104,
                        105,
                        107,
                        108,
                        109,
                        110,
                        111,
                        113,
                        114
                    ],
                    "excluded_lines": [],
                    "executed_branches": [],
                    "missing_branches": [
                        [
                            99,
                            101
                        ],
                        [
                            99,
                            107
                        ],
                        [
                            101,
                            102
                        ],
                        [
                            101,
                            104
                        ],
                        [
                            104,
                            99
                        ],
                        [
                            104,
                            105
                        ],
                        [
                            107,
                            108
                        ],
                        [
                            107,
                            113
                        ],
                        [
                            109,
                            110
                        ],
                        [
                            109,
                            111
                        ],
                        [
                            113,
                            93
                        ],
                        [
                            113,
                            114
                        ]
                    ]
                },
                "lifespan": {
                    "executed_lines": [],
                    "summary": {
                        "covered_lines": 0,
                        "num_statements": 7,
                        "percent_covered": 0.0,
                        "percent_covered_display": "0.00",
                        "missing_lines": 7,
                        "excluded_lines": 0,
                        "num_branches": 4,
                        "num_partial_branches": 0,
                        "covered_branches": 0,
                        "missing_branches": 4
                    },
                    "missing_lines": [
                        122,
                        123,
                        124,
                        125,
                        126,
                        128,
                        129
                    ],
                    "excluded_lines": [],
                    "executed_branches": [],
                    "missing_branches": [
                        [
                            122,
                            123
                        ],
                        [
                            122,
                            125
                        ],
                        [
                            128,
                            -117
                        ],
                        [
                            128,
                            129
                        ]
                    ]
                },
                "OptimizationJob.__init__": {
                    "executed_lines": [],
                    "summary": {
                        "covered_lines": 0,
                        "num_statements": 18,
                        "percent_covered": 0.0,
                        "percent_covered_display": "0.00",
                        "missing_lines": 18,
                        "excluded_lines": 0,
                        "num_branches": 2,
                        "num_partial_branches": 0,
                        "covered_branches": 0,
                        "missing_branches": 2
                    },
                    "missing_lines": [
                        153,
                        154,
                        155,
                        156,
                        157,
                        158,
                        159,
                        162,
                        163,
                        164,
                        166,
                        167,
                        169,
                        170,
                        171,
                        172,
                        174,
                        175
                    ],
                    "excluded_lines": [],
                    "executed_branches": [],
                    "missing_branches": [
                        [
                            166,
                            167
                        ],
                        [
                            166,
                            169
                        ]
                    ]
                },
                "OptimizationJob.add_progress": {
                    "executed_lines": [],
                    "summary": {
                        "covered_lines": 0,
                        "num_statements": 7,
                        "percent_covered": 0.0,
                        "percent_covered_display": "0.00",
                        "missing_lines": 7,
                        "excluded_lines": 0,
                        "num_branches": 6,
                        "num_partial_branches": 0,
                        "covered_branches": 0,
                        "missing_branches": 6
                    },
                    "missing_lines": [
                        186,
                        187,
                        188,
                        189,
                        190,
                        191,
                        192
                    ],
                    "excluded_lines": [],
                    "executed_branches": [],
                    "missing_branches": [
                        [
                            187,
                            188
                        ],
                        [
                            187,
                            189
                        ],
                        [
                            189,
                            190
                        ],
                        [
                            189,
                            191
                        ],
                        [
                            191,
                            -184
                        ],
                        [
                            191,
                            192
                        ]
                    ]
                },
                "OptimizationJob.to_dict": {
                    "executed_lines": [],
                    "summary": {
                        "covered_lines": 0,
                        "num_statements": 4,
                        "percent_covered": 0.0,
                        "percent_covered_display": "0.00",
                        "missing_lines": 4,
                        "excluded_lines": 0,
                        "num_branches": 2,
                        "num_partial_branches": 0,
                        "covered_branches": 0,
                        "missing_branches": 2
                    },
                    "missing_lines": [
                        196,
                        197,
                        198,
                        200
                    ],
                    "excluded_lines": [],
                    "executed_branches": [],
                    "missing_branches": [
                        [
                            197,
                            198
                        ],
                        [
                            197,
                            200
                        ]
                    ]
                },
                "health_check": {
                    "executed_lines": [],
                    "summary": {
                        "covered_lines": 0,
                        "num_statements": 1,
                        "percent_covered": 0.0,
                        "percent_covered_display": "0.00",
                        "missing_lines": 1,
                        "excluded_lines": 0,
                        "num_branches": 0,
                        "num_partial_branches": 0,
                        "covered_branches": 0,
                        "missing_branches": 0
                    },
                    "missing_lines": [
                        217
                    ],
                    "excluded_lines": [],
                    "executed_branches": [],
                    "missing_branches": []
                },
                "get_formats": {
                    "executed_lines": [],
                    "summary": {
                        "covered_lines": 0,
                        "num_statements": 2,
                        "percent_covered": 0.0,
                        "percent_covered_display": "0.00",
                        "missing_lines": 2,
                        "excluded_lines": 0,
                        "num_branches": 0,
                        "num_partial_branches": 0,
                        "covered_branches": 0,
                        "missing_branches": 0
                    },
                    "missing_lines": [
                        229,
                        230
                    ],
                    "excluded_lines": [],
                    "executed_branches": [],
                    "missing_branches": []
                },
                "get_video_formats": {
                    "executed_lines": [],
                    "summary": {
                        "covered_lines": 0,
                        "num_statements": 2,
                        "percent_covered": 0.0,
                        "percent_covered_display": "0.00",
                        "missing_lines": 2,
                        "excluded_lines": 0,
                        "num_branches": 0,
                        "num_partial_branches": 0,
                        "covered_branches": 0,
                        "missing_branches": 0
                    },
                    "missing_lines": [
                        244,
                        245
                    ],
                    "excluded_lines": [],
                    "executed_branches": [],
                    "missing_branches": []
                },
                "resolve_max_quality_format": {
                    "executed_lines": [],
                    "summary": {
                        "covered_lines": 0,
                        "num_statements": 8,
                        "percent_covered": 0.0,
                        "percent_covered_display": "0.00",
                        "missing_lines": 8,
                        "excluded_lines": 0,
                        "num_branches": 4,
                        "num_partial_branches": 0,
                        "covered_branches": 0,
                        "missing_branches": 4
                    },
                    "missing_lines": [
                        267,
                        268,
                        269,
                        270,
                        271,
                        274,
                        275,
                        276
                    ],
                    "excluded_lines": [],
                    "executed_branches": [],
                    "missing_branches": [
                        [
                            268,
                            269
                        ],
                        [
                            268,
                            270
                        ],
                        [
                            270,
                            271
                        ],
                        [
                            270,
                            274
                        ]
                    ]
                },
                "start_optimization": {
                    "executed_lines": [],
                    "summary": {
                        "covered_lines": 0,
                        "num_statements": 0,
                        "percent_covered": 100.0,
                        "percent_covered_display": "100.00",
                        "missing_lines": 0,
                        "excluded_lines": 201,
                        "num_branches": 0,
                        "num_partial_branches": 0,
                        "covered_branches": 0,
                        "missing_branches": 0
                    },
                    "missing_lines": [],
                    "excluded_lines": [
                        300,
                        301,
                        302,
                        303,
                        304,
                        305,
                        306,
                        307,
                        308,
                        309,
                        310,
                        311,
                        312,
                        313,
                        314,
                        315,
                        316,
                        317,
                        318,
                        319,
                        320,
                        321,
                        322,
                        323,
                        324,
                        325,
                        326,
                        327,
                        328,
                        329,
                        330,
                        331,
                        332,
                        333,
                        334,
                        335,
                        336,
                        337,
                        338,
                        339,
                        340,
                        341,
                        342,
                        343,
                        344,
                        345,
                        346,
                        347,
                        348,
                        349,
                        350,
                        351,
                        352,
                        353,
                        354,
                        355,
                        356,
                        357,
                        358,
                        359,
                        360,
                        361,
                        362,
                        363,
                        364,
                        365,
                        366,
                        367,
                        368,
                        369,
                        370,
                        371,
                        372,
                        373,
                        374,
                        375,
                        376,
                        377,
                        378,
                        379,
                        380,
                        381,
                        382,
                        383,
                        384,
                        385,
                        386,
                        387,
                        388,
                        389,
                        390,
                        391,
                        392,
                        393,
                        394,
                        395,
                        396,
                        397,
                        398,
                        399,
                        400,
                        401,
                        402,
                        403,
                        404,
                        405,
                        406,
                        407,
                        408,
                        409,
                        410,
                        411,
                        412,
                        413,
                        414,
                        415,
                        416,
                        417,
                        418,
                        419,
                        420,
                        421,
                        422,
                        423,
                        424,
                        425,
                        426,
                        427,
                        428,
                        429,
                        430,
                        431,
                        432,
                        433,
                        434,
                        435,
                        436,
                        437,
                        438,
                        439,
                        440,
                        441,
                        442,
                        443,
                        444,
                        445,
                        446,
                        447,
                        448,
                        449,
                        450,
                        451,
                        452,
                        453,
                        454,
                        455,
                        456,
                        457,
                        458,
                        459,
                        460,
                        461,
                        462,
                        463,
                        464,
                        465,
                        466,
                        467,
                        468,
                        469,
                        470,
                        471,
                        472,
                        473,
                        474,
                        475,
                        476,
                        477,
                        478,
                        479,
                        480,
                        481,
                        482,
                        483,
                        484,
                        485,
                        486,
                        487,
                        488,
                        489,
                        490,
                        491,
                        492,
                        493,
                        494,
                        495,
                        496,
                        497,
                        498,
                        499,
                        500
                    ],
                    "executed_branches": [],
                    "missing_branches": []
                },
                "process_mixed_async": {
                    "executed_lines": [],
                    "summary": {
                        "covered_lines": 0,
                        "num_statements": 17,
                        "percent_covered": 0.0,
                        "percent_covered_display": "0.00",
                        "missing_lines": 17,
                        "excluded_lines": 2,
                        "num_branches": 8,
                        "num_partial_branches": 0,
                        "covered_branches": 0,
                        "missing_branches": 8
                    },
                    "missing_lines": [
                        522,
                        523,
                        526,
                        527,
                        528,
                        529,
                        530,
                        539,
                        540,
                        541,
                        546,
                        552,
                        553,
                        554,
                        555,
                        559,
                        560
                    ],
                    "excluded_lines": [
                        532,
                        556
                    ],
                    "executed_branches": [],
                    "missing_branches": [
                        [
                            527,
                            528
                        ],
                        [
                            527,
                            529
                        ],
                        [
                            539,
                            540
                        ],
                        [
                            539,
                            552
                        ],
                        [
                            540,
                            541
                        ],
                        [
                            540,
                            546
                        ],
                        [
                            552,
                            553
                        ],
                        [
                            552,
                            559
                        ]
                    ]
                },
                "process_single_image": {
                    "executed_lines": [],
                    "summary": {
                        "covered_lines": 0,
                        "num_statements": 32,
                        "percent_covered": 0.0,
                        "percent_covered_display": "0.00",
                        "missing_lines": 32,
                        "excluded_lines": 0,
                        "num_branches": 6,
                        "num_partial_branches": 0,
                        "covered_branches": 0,
                        "missing_branches": 6
                    },
                    "missing_lines": [
                        583,
                        584,
                        586,
                        587,
                        588,
                        590,
                        592,
                        595,
                        596,
                        599,
                        600,
                        603,
                        608,
                        611,
                        612,
                        613,
                        616,
                        630,
                        632,
                        633,
                        634,
                        635,
                        637,
                        639,
                        640,
                        641,
                        642,
                        644,
                        655,
                        658,
                        659,
                        661
                    ],
                    "excluded_lines": [],
                    "executed_branches": [],
                    "missing_branches": [
                        [
                            583,
                            584
                        ],
                        [
                            583,
                            586
                        ],
                        [
                            641,
                            642
                        ],
                        [
                            641,
                            644
                        ],
                        [
                            658,
                            659
                        ],
                        [
                            658,
                            661
                        ]
                    ]
                },
                "process_single_video": {
                    "executed_lines": [],
                    "summary": {
                        "covered_lines": 0,
                        "num_statements": 31,
                        "percent_covered": 0.0,
                        "percent_covered_display": "0.00",
                        "missing_lines": 31,
                        "excluded_lines": 0,
                        "num_branches": 4,
                        "num_partial_branches": 0,
                        "covered_branches": 0,
                        "missing_branches": 4
                    },
                    "missing_lines": [
                        676,
                        677,
                        678,
                        680,
                        682,
                        684,
                        685,
                        688,
                        689,
                        692,
                        695,
                        700,
                        703,
                        704,
                        705,
                        708,
                        725,
                        726,
                        727,
                        728,
                        729,
                        731,
                        733,
                        734,
                        735,
                        736,
                        738,
                        748,
                        749,
                        750,
                        752
                    ],
                    "excluded_lines": [],
                    "executed_branches": [],
                    "missing_branches": [
                        [
                            735,
                            736
                        ],
                        [
                            735,
                            738
                        ],
                        [
                            749,
                            750
                        ],
                        [
                            749,
                            752
                        ]
                    ]
                },
                "stream_progress": {
                    "executed_lines": [],
                    "summary": {
                        "covered_lines": 0,
                        "num_statements": 5,
                        "percent_covered": 0.0,
                        "percent_covered_display": "0.00",
                        "missing_lines": 5,
                        "excluded_lines": 0,
                        "num_branches": 2,
                        "num_partial_branches": 0,
                        "covered_branches": 0,
                        "missing_branches": 2
                    },
                    "missing_lines": [
                        760,
                        761,
                        763,
                        765,
                        784
                    ],
                    "excluded_lines": [],
                    "executed_branches": [],
                    "missing_branches": [
                        [
                            760,
                            761
                        ],
                        [
                            760,
                            763
                        ]
                    ]
                },
                "stream_progress.event_generator": {
                    "executed_lines": [],
                    "summary": {
                        "covered_lines": 0,
                        "num_statements": 10,
                        "percent_covered": 0.0,
                        "percent_covered_display": "0.00",
                        "missing_lines": 10,
                        "excluded_lines": 0,
                        "num_branches": 6,
                        "num_partial_branches": 0,
                        "covered_branches": 0,
                        "missing_branches": 6
                    },
                    "missing_lines": [
                        767,
                        769,
                        771,
                        772,
                        773,
                        774,
                        777,
                        778,
                        779,
                        782
                    ],
                    "excluded_lines": [],
                    "executed_branches": [],
                    "missing_branches": [
                        [
                            771,
                            772
                        ],
                        [
                            771,
                            777
                        ],
                        [
                            772,
                            773
                        ],
                        [
                            772,
                            774
                        ],
                        [
                            777,
                            778
                        ],
                        [
                            777,
                            782
                        ]
                    ]
                },
                "get_job_status": {
                    "executed_lines": [],
                    "summary": {
                        "covered_lines": 0,
                        "num_statements": 3,
                        "percent_covered": 0.0,
                        "percent_covered_display": "0.00",
                        "missing_lines": 3,
                        "excluded_lines": 0,
                        "num_branches": 2,
                        "num_partial_branches": 0,
                        "covered_branches": 0,
                        "missing_branches": 2
                    },
                    "missing_lines": [
                        798,
                        799,
                        801
                    ],
                    "excluded_lines": [],
                    "executed_branches": [],
                    "missing_branches": [
                        [
                            798,
                            799
                        ],
                        [
                            798,
                            801
                        ]
                    ]
                },
                "download_file": {
                    "executed_lines": [],
                    "summary": {
                        "covered_lines": 0,
                        "num_statements": 23,
                        "percent_covered": 0.0,
                        "percent_covered_display": "0.00",
                        "missing_lines": 23,
                        "excluded_lines": 0,
                        "num_branches": 14,
                        "num_partial_branches": 0,
                        "covered_branches": 0,
                        "missing_branches": 14
                    },
                    "missing_lines": [
                        811,
                        812,
                        814,
                        816,
                        817,
                        819,
                        820,
                        823,
                        824,
                        826,
                        827,
                        830,
                        831,
                        832,
                        841,
                        842,
                        843,
                        845,
                        846,
                        847,
                        848,
                        850,
                        852
                    ],
                    "excluded_lines": [],
                    "executed_branches": [],
                    "missing_branches": [
                        [
                            811,
                            812
                        ],
                        [
                            811,
                            814
                        ],
                        [
                            816,
                            817
                        ],
                        [
                            816,
                            819
                        ],
                        [
                            819,
                            820
                        ],
                        [
                            819,
                            823
                        ],
                        [
                            826,
                            827
                        ],
                        [
                            826,
                            830
                        ],
                        [
                            830,
                            831
                        ],
                        [
                            830,
                            841
                        ],
                        [
                            843,
                            845
                        ],
                        [
                            843,
                            850
                        ],
                        [
                            846,
                            847
                        ],
                        [
                            846,
                            848
                        ]
                    ]
                },
                "download_single_file": {
                    "executed_lines": [],
                    "summary": {
                        "covered_lines": 0,
                        "num_statements": 11,
                        "percent_covered": 0.0,
                        "percent_covered_display": "0.00",
                        "missing_lines": 11,
                        "excluded_lines": 0,
                        "num_branches": 8,
                        "num_partial_branches": 0,
                        "covered_branches": 0,
                        "missing_branches": 8
                    },
                    "missing_lines": [
                        866,
                        867,
                        869,
                        871,
                        872,
                        875,
                        876,
                        878,
                        880,
                        881,
                        883
                    ],
                    "excluded_lines": [],
                    "executed_branches": [],
                    "missing_branches": [
                        [
                            866,
                            867
                        ],
                        [
                            866,
                            869
                        ],
                        [
                            871,
                            872
                        ],
                        [
                            871,
                            875
                        ],
                        [
                            875,
                            876
                        ],
                        [
                            875,
                            878
                        ],
                        [
                            880,
                            881
                        ],
                        [
                            880,
                            883
                        ]
                    ]
                },
                "download_zip_only": {
                    "executed_lines": [],
                    "summary": {
                        "covered_lines": 0,
                        "num_statements": 17,
                        "percent_covered": 0.0,
                        "percent_covered_display": "0.00",
                        "missing_lines": 17,
                        "excluded_lines": 0,
                        "num_branches": 12,
                        "num_partial_branches": 0,
                        "covered_branches": 0,
                        "missing_branches": 12
                    },
                    "missing_lines": [
                        897,
                        898,
                        900,
                        902,
                        903,
                        905,
                        906,
                        909,
                        910,
                        911,
                        912,
                        914,
                        915,
                        916,
                        917,
                        919,
                        921
                    ],
                    "excluded_lines": [],
                    "executed_branches": [],
                    "missing_branches": [
                        [
                            897,
                            898
                        ],
                        [
                            897,
                            900
                        ],
                        [
                            902,
                            903
                        ],
                        [
                            902,
                            905
                        ],
                        [
                            905,
                            906
                        ],
                        [
                            905,
                            909
                        ],
                        [
                            911,
                            912
                        ],
                        [
                            911,
                            919
                        ],
                        [
                            912,
                            911
                        ],
                        [
                            912,
                            914
                        ],
                        [
                            915,
                            916
                        ],
                        [
                            915,
                            917
                        ]
                    ]
                },
                "cleanup_job": {
                    "executed_lines": [],
                    "summary": {
                        "covered_lines": 0,
                        "num_statements": 7,
                        "percent_covered": 0.0,
                        "percent_covered_display": "0.00",
                        "missing_lines": 7,
                        "excluded_lines": 0,
                        "num_branches": 4,
                        "num_partial_branches": 0,
                        "covered_branches": 0,
                        "missing_branches": 4
                    },
                    "missing_lines": [
                        933,
                        934,
                        936,
                        939,
                        940,
                        943,
                        945
                    ],
                    "excluded_lines": [],
                    "executed_branches": [],
                    "missing_branches": [
                        [
                            933,
                            934
                        ],
                        [
                            933,
                            936
                        ],
                        [
                            939,
                            940
                        ],
                        [
                            939,
                            943
                        ]
                    ]
                },
                "": {
                    "executed_lines": [],
                    "summary": {
                        "covered_lines": 0,
                        "num_statements": 76,
                        "percent_covered": 0.0,
                        "percent_covered_display": "0.00",
                        "missing_lines": 76,
                        "excluded_lines": 41,
                        "num_branches": 2,
                        "num_partial_branches": 0,
                        "covered_branches": 0,
                        "missing_branches": 2
                    },
                    "missing_lines": [
                        6,
                        7,
                        8,
                        9,
                        12,
                        13,
                        14,
                        16,
                        17,
                        18,
                        19,
                        20,
                        21,
                        22,
                        23,
                        24,
                        25,
                        26,
                        27,
                        28,
                        29,
                        30,
                        31,
                        32,
                        33,
                        34,
                        37,
                        38,
                        47,
                        54,
                        55,
                        58,
                        61,
                        64,
                        65,
                        68,
                        69,
                        72,
                        78,
                        85,
                        88,
                        91,
                        117,
                        118,
                        132,
                        135,
                        136,
                        137,
                        140,
                        150,
                        152,
                        184,
                        194,
                        214,
                        215,
                        226,
                        227,
                        241,
                        242,
                        258,
                        261,
                        503,
                        568,
                        664,
                        755,
                        756,
                        795,
                        796,
                        804,
                        805,
                        861,
                        862,
                        892,
                        893,
                        930,
                        931
                    ],
                    "excluded_lines": [
                        279,
                        280,
                        281,
                        282,
                        283,
                        284,
                        285,
                        286,
                        287,
                        288,
                        289,
                        290,
                        291,
                        292,
                        293,
                        294,
                        295,
                        296,
                        297,
                        298,
                        299,
                        948,
                        949,
                        951,
                        952,
                        953,
                        954,
                        955,
                        957,
                        958,
                        959,
                        961,
                        962,
                        963,
                        964,
                        965,
                        967,
                        968,
                        969,
                        971,
                        972
                    ],
                    "executed_branches": [],
                    "missing_branches": [
                        [
                            12,
                            13
                        ],
                        [
                            12,
                            16
                        ]
                    ]
                }
            },
            "classes": {
                "OptimizationJob": {
                    "executed_lines": [],
                    "summary": {
                        "covered_lines": 0,
                        "num_statements": 29,
                        "percent_covered": 0.0,
                        "percent_covered_display": "0.00",
                        "missing_lines": 29,
                        "excluded_lines": 0,
                        "num_branches": 10,
                        "num_partial_branches": 0,
                        "covered_branches": 0,
                        "missing_branches": 10
                    },
                    "missing_lines": [
                        153,
                        154,
                        155,
                        156,
                        157,
                        158,
                        159,
                        162,
                        163,
                        164,
                        166,
                        167,
                        169,
                        170,
                        171,
                        172,
                        174,
                        175,
                        186,
                        187,
                        188,
                        189,
                        190,
                        191,
                        192,
                        196,
                        197,
                        198,
                        200
                    ],
                    "excluded_lines": [],
                    "executed_branches": [],
                    "missing_branches": [
                        [
                            166,
                            167
                        ],
                        [
                            166,
                            169
                        ],
                        [
                            187,
                            188
                        ],
                        [
                            187,
                            189
                        ],
                        [
                            189,
                            190
                        ],
                        [
                            189,
                            191
                        ],
                        [
                            191,
                            -184
                        ],
                        [
                            191,
                            192
                        ],
                        [
                            197,
                            198
                        ],
                        [
                            197,
                            200
                        ]
                    ]
                },
                "": {
                    "executed_lines": [],
                    "summary": {
                        "covered_lines": 0,
                        "num_statements": 272,
                        "percent_covered": 0.0,
                        "percent_covered_display": "0.00",
                        "missing_lines": 272,
                        "excluded_lines": 244,
                        "num_branches": 88,
                        "num_partial_branches": 0,
                        "covered_branches": 0,
                        "missing_branches": 88
                    },
                    "missing_lines": [
                        6,
                        7,
                        8,
                        9,
                        12,
                        13,
                        14,
                        16,
                        17,
                        18,
                        19,
                        20,
                        21,
                        22,
                        23,
                        24,
                        25,
                        26,
                        27,
                        28,
                        29,
                        30,
                        31,
                        32,
                        33,
                        34,
                        37,
                        38,
                        47,
                        54,
                        55,
                        58,
                        61,
                        64,
                        65,
                        68,
                        69,
                        72,
                        74,
                        75,
                        78,
                        80,
                        81,
                        85,
                        88,
                        91,
                        93,
                        94,
                        96,
                        97,
                        99,
                        101,
                        102,
                        104,
                        105,
                        107,
                        108,
                        109,
                        110,
                        111,
                        113,
                        114,
                        117,
                        118,
                        122,
                        123,
                        124,
                        125,
                        126,
                        128,
                        129,
                        132,
                        135,
                        136,
                        137,
                        140,
                        150,
                        152,
                        184,
                        194,
                        214,
                        215,
                        217,
                        226,
                        227,
                        229,
                        230,
                        241,
                        242,
                        244,
                        245,
                        258,
                        261,
                        267,
                        268,
                        269,
                        270,
                        271,
                        274,
                        275,
                        276,
                        503,
                        522,
                        523,
                        526,
                        527,
                        528,
                        529,
                        530,
                        539,
                        540,
                        541,
                        546,
                        552,
                        553,
                        554,
                        555,
                        559,
                        560,
                        568,
                        583,
                        584,
                        586,
                        587,
                        588,
                        590,
                        592,
                        595,
                        596,
                        599,
                        600,
                        603,
                        608,
                        611,
                        612,
                        613,
                        616,
                        630,
                        632,
                        633,
                        634,
                        635,
                        637,
                        639,
                        640,
                        641,
                        642,
                        644,
                        655,
                        658,
                        659,
                        661,
                        664,
                        676,
                        677,
                        678,
                        680,
                        682,
                        684,
                        685,
                        688,
                        689,
                        692,
                        695,
                        700,
                        703,
                        704,
                        705,
                        708,
                        725,
                        726,
                        727,
                        728,
                        729,
                        731,
                        733,
                        734,
                        735,
                        736,
                        738,
                        748,
                        749,
                        750,
                        752,
                        755,
                        756,
                        760,
                        761,
                        763,
                        765,
                        767,
                        769,
                        771,
                        772,
                        773,
                        774,
                        777,
                        778,
                        779,
                        782,
                        784,
                        795,
                        796,
                        798,
                        799,
                        801,
                        804,
                        805,
                        811,
                        812,
                        814,
                        816,
                        817,
                        819,
                        820,
                        823,
                        824,
                        826,
                        827,
                        830,
                        831,
                        832,
                        841,
                        842,
                        843,
                        845,
                        846,
                        847,
                        848,
                        850,
                        852,
                        861,
                        862,
                        866,
                        867,
                        869,
                        871,
                        872,
                        875,
                        876,
                        878,
                        880,
                        881,
                        883,
                        892,
                        893,
                        897,
                        898,
                        900,
                        902,
                        903,
                        905,
                        906,
                        909,
                        910,
                        911,
                        912,
                        914,
                        915,
                        916,
                        917,
                        919,
                        921,
                        930,
                        931,
                        933,
                        934,
                        936,
                        939,
                        940,
                        943,
                        945
                    ],
                    "excluded_lines": [
                        279,
                        280,
                        281,
                        282,
                        283,
                        284,
                        285,
                        286,
                        287,
                        288,
                        289,
                        290,
                        291,
                        292,
                        293,
                        294,
                        295,
                        296,
                        297,
                        298,
                        299,
                        300,
                        301,
                        302,
                        303,
                        304,
                        305,
                        306,
                        307,
                        308,
                        309,
                        310,
                        311,
                        312,
                        313,
                        314,
                        315,
                        316,
                        317,
                        318,
                        319,
                        320,
                        321,
                        322,
[...]
                            172,
                            180
                        ],
                        [
                            183,
                            184
                        ],
                        [
                            183,
                            187
                        ],
                        [
                            187,
                            188
                        ],
                        [
                            187,
                            191
                        ],
                        [
                            199,
                            200
                        ],
                        [
                            199,
                            202
                        ],
                        [
                            205,
                            207
                        ],
                        [
                            205,
                            216
                        ],
                        [
                            208,
                            210
                        ],
                        [
                            208,
                            216
                        ]
                    ]
                },
                "convert_video": {
                    "executed_lines": [],
                    "summary": {
                        "covered_lines": 0,
                        "num_statements": 34,
                        "percent_covered": 0.0,
                        "percent_covered_display": "0.00",
                        "missing_lines": 34,
                        "excluded_lines": 1,
                        "num_branches": 20,
                        "num_partial_branches": 0,
                        "covered_branches": 0,
                        "missing_branches": 20
                    },
                    "missing_lines": [
                        246,
                        247,
                        249,
                        250,
                        252,
                        253,
                        254,
                        257,
                        258,
                        261,
                        264,
                        268,
                        275,
                        277,
                        278,
                        279,
                        282,
                        283,
                        285,
                        288,
                        290,
                        291,
                        292,
                        295,
                        296,
                        297,
                        298,
                        299,
                        302,
                        303,
                        304,
                        305,
                        307,
                        309
                    ],
                    "excluded_lines": [
                        287
                    ],
                    "executed_branches": [],
                    "missing_branches": [
                        [
                            246,
                            247
                        ],
                        [
                            246,
                            249
                        ],
                        [
                            249,
                            250
                        ],
                        [
                            249,
                            252
                        ],
                        [
                            275,
                            277
                        ],
                        [
                            275,
                            282
                        ],
                        [
                            282,
                            283
                        ],
                        [
                            282,
                            285
                        ],
                        [
                            288,
                            290
                        ],
                        [
                            288,
                            302
                        ],
                        [
                            290,
                            291
                        ],
                        [
                            290,
                            302
                        ],
                        [
                            296,
                            290
                        ],
                        [
                            296,
                            297
                        ],
                        [
                            298,
                            290
                        ],
                        [
                            298,
                            299
                        ],
                        [
                            302,
                            303
                        ],
                        [
                            302,
                            304
                        ],
                        [
                            304,
                            305
                        ],
                        [
                            304,
                            307
                        ]
                    ]
                },
                "get_supported_formats": {
                    "executed_lines": [
                        314
                    ],
                    "summary": {
                        "covered_lines": 1,
                        "num_statements": 1,
                        "percent_covered": 100.0,
                        "percent_covered_display": "100.00",
                        "missing_lines": 0,
                        "excluded_lines": 0,
                        "num_branches": 0,
                        "num_partial_branches": 0,
                        "covered_branches": 0,
                        "missing_branches": 0
                    },
                    "missing_lines": [],
                    "excluded_lines": [],
                    "executed_branches": [],
                    "missing_branches": []
                },
                "": {
                    "executed_lines": [
                        2,
                        18,
                        19,
                        20,
                        21,
                        22,
                        25,
                        28,
                        64,
                        74,
                        79,
                        140,
                        147,
                        154,
                        221,
                        312,
                        326
                    ],
                    "summary": {
                        "covered_lines": 15,
                        "num_statements": 15,
                        "percent_covered": 100.0,
                        "percent_covered_display": "100.00",
                        "missing_lines": 0,
                        "excluded_lines": 46,
                        "num_branches": 0,
                        "num_partial_branches": 0,
                        "covered_branches": 0,
                        "missing_branches": 0
                    },
                    "missing_lines": [],
                    "excluded_lines": [
                        326,
                        327,
                        329,
                        330,
                        331,
                        332,
                        334,
                        336,
                        339,
                        341,
                        344,
                        345,
                        347,
                        348,
                        349,
                        351,
                        352,
                        354,
                        356,
                        357,
                        358,
                        359,
                        360,
                        361,
                        362,
                        363,
                        364,
                        366,
                        367,
                        368,
                        369,
                        370,
                        371,
                        372,
                        373,
                        375,
                        380,
                        381,
                        382,
                        383,
                        384,
                        385,
                        386,
                        388,
                        389,
                        390
                    ],
                    "executed_branches": [],
                    "missing_branches": []
                }
            },
            "classes": {
                "": {
                    "executed_lines": [
                        2,
                        18,
                        19,
                        20,
                        21,
                        22,
                        25,
                        28,
                        64,
                        74,
                        76,
                        79,
                        140,
                        142,
                        143,
                        144,
                        147,
                        149,
                        150,
                        151,
                        154,
                        221,
                        312,
                        314,
                        326
                    ],
                    "summary": {
                        "covered_lines": 23,
                        "num_statements": 104,
                        "percent_covered": 16.89189189189189,
                        "percent_covered_display": "16.89",
                        "missing_lines": 81,
                        "excluded_lines": 47,
                        "num_branches": 44,
                        "num_partial_branches": 0,
                        "covered_branches": 2,
                        "missing_branches": 42
                    },
                    "missing_lines": [
                        86,
                        95,
                        97,
                        98,
                        100,
                        103,
                        104,
                        105,
                        106,
                        107,
                        109,
                        110,
                        113,
                        114,
                        115,
                        116,
                        118,
                        121,
                        124,
                        127,
                        129,
                        164,
                        166,
                        169,
                        172,
                        173,
                        175,
                        177,
                        180,
                        183,
                        184,
                        187,
                        188,
                        191,
                        192,
                        195,
                        199,
                        200,
                        202,
                        205,
                        207,
                        208,
                        210,
                        212,
                        213,
                        216,
                        218,
                        246,
                        247,
                        249,
                        250,
                        252,
                        253,
                        254,
                        257,
                        258,
                        261,
                        264,
                        268,
                        275,
                        277,
                        278,
                        279,
                        282,
                        283,
                        285,
                        288,
                        290,
                        291,
                        292,
                        295,
                        296,
                        297,
                        298,
                        299,
                        302,
                        303,
                        304,
                        305,
                        307,
                        309
                    ],
                    "excluded_lines": [
                        287,
                        326,
                        327,
                        329,
                        330,
                        331,
                        332,
                        334,
                        336,
                        339,
                        341,
                        344,
                        345,
                        347,
                        348,
                        349,
                        351,
                        352,
                        354,
                        356,
                        357,
                        358,
                        359,
                        360,
                        361,
                        362,
                        363,
                        364,
                        366,
                        367,
                        368,
                        369,
                        370,
                        371,
                        372,
                        373,
                        375,
                        380,
                        381,
                        382,
                        383,
                        384,
                        385,
                        386,
                        388,
                        389,
                        390
                    ],
                    "executed_branches": [
                        [
                            142,
                            143
                        ],
                        [
                            142,
                            144
                        ]
                    ],
                    "missing_branches": [
                        [
                            97,
                            98
                        ],
                        [
                            97,
                            100
                        ],
                        [
                            104,
                            105
                        ],
                        [
                            104,
                            109
                        ],
                        [
                            105,
                            104
                        ],
                        [
                            105,
                            106
                        ],
                        [
                            109,
                            110
                        ],
                        [
                            109,
                            113
                        ],
                        [
                            114,
                            115
                        ],
                        [
                            114,
                            118
                        ],
                        [
                            172,
                            173
                        ],
                        [
                            172,
                            180
                        ],
                        [
                            183,
                            184
                        ],
                        [
                            183,
                            187
                        ],
                        [
                            187,
                            188
                        ],
                        [
                            187,
                            191
                        ],
                        [
                            199,
                            200
                        ],
                        [
                            199,
                            202
                        ],
                        [
                            205,
                            207
                        ],
                        [
                            205,
                            216
                        ],
                        [
                            208,
                            210
                        ],
                        [
                            208,
                            216
                        ],
                        [
                            246,
                            247
                        ],
                        [
                            246,
                            249
                        ],
                        [
                            249,
                            250
                        ],
                        [
                            249,
                            252
                        ],
                        [
                            275,
                            277
                        ],
                        [
                            275,
                            282
                        ],
                        [
                            282,
                            283
                        ],
                        [
                            282,
                            285
                        ],
                        [
                            288,
                            290
                        ],
                        [
                            288,
                            302
                        ],
                        [
                            290,
                            291
                        ],
                        [
                            290,
                            302
                        ],
                        [
                            296,
                            290
                        ],
                        [
                            296,
                            297
                        ],
                        [
                            298,
                            290
                        ],
                        [
                            298,
                            299
                        ],
                        [
                            302,
                            303
                        ],
                        [
                            302,
                            304
                        ],
                        [
                            304,
                            305
                        ],
                        [
                            304,
                            307
                        ]
                    ]
                }
            }
        }
    },
    "totals": {
        "covered_lines": 23,
        "num_statements": 1475,
        "percent_covered": 1.3989927252378287,
        "percent_covered_display": "1.40",
        "missing_lines": 1452,
        "excluded_lines": 314,
        "num_branches": 312,
        "num_partial_branches": 0,
        "covered_branches": 2,
        "missing_branches": 310
    }
}